  sfml.cpp
C:\Users\bruno\OneDrive\Pulpit\ThirdSemester\CPP\sfml_games\sfml_games\sfml.cpp(114,52): warning C4244: 'argument': conversion from 'int' to 'float', possible loss of data
C:\Users\bruno\OneDrive\Pulpit\ThirdSemester\CPP\sfml_games\sfml_games\sfml.cpp(114,38): warning C4244: 'argument': conversion from 'int' to 'float', possible loss of data
C:\Users\bruno\OneDrive\Pulpit\ThirdSemester\CPP\sfml_games\sfml_games\sfml.cpp(120,52): warning C4244: 'argument': conversion from 'int' to 'float', possible loss of data
C:\Users\bruno\OneDrive\Pulpit\ThirdSemester\CPP\sfml_games\sfml_games\sfml.cpp(120,38): warning C4244: 'argument': conversion from 'int' to 'float', possible loss of data
C:\Users\bruno\OneDrive\Pulpit\ThirdSemester\CPP\sfml_games\sfml_games\sfml.cpp(126,52): warning C4244: 'argument': conversion from 'int' to 'float', possible loss of data
C:\Users\bruno\OneDrive\Pulpit\ThirdSemester\CPP\sfml_games\sfml_games\sfml.cpp(126,38): warning C4244: 'argument': conversion from 'int' to 'float', possible loss of data
C:\Users\bruno\OneDrive\Pulpit\ThirdSemester\CPP\sfml_games\sfml_games\sfml.cpp(139,56): warning C4244: 'argument': conversion from 'int' to 'T', possible loss of data
          with
          [
              T=float
          ]
C:\Users\bruno\OneDrive\Pulpit\ThirdSemester\CPP\sfml_games\sfml_games\sfml.cpp(139,42): warning C4244: 'argument': conversion from 'int' to 'T', possible loss of data
          with
          [
              T=float
          ]
C:\Users\bruno\OneDrive\Pulpit\ThirdSemester\CPP\sfml_games\sfml_games\sfml.cpp(195,13): warning C4326: return type of 'main' should be 'int' instead of 'void'
C:\Users\bruno\OneDrive\Pulpit\ThirdSemester\CPP\sfml_games\sfml_games\sfml.cpp(197,55): warning C4244: 'argument': conversion from 'T' to 'float', possible loss of data
          with
          [
              T=unsigned int
          ]
C:\Users\bruno\OneDrive\Pulpit\ThirdSemester\CPP\sfml_games\sfml_games\sfml.cpp(197,37): warning C4244: 'argument': conversion from 'T' to 'float', possible loss of data
          with
          [
              T=unsigned int
          ]
C:\Users\bruno\OneDrive\Pulpit\ThirdSemester\CPP\sfml_games\sfml_games\sfml.cpp(232,75): warning C4244: 'argument': conversion from 'T' to 'float', possible loss of data
          with
          [
              T=unsigned int
          ]
C:\Users\bruno\OneDrive\Pulpit\ThirdSemester\CPP\sfml_games\sfml_games\sfml.cpp(232,57): warning C4244: 'argument': conversion from 'T' to 'float', possible loss of data
          with
          [
              T=unsigned int
          ]
C:\Users\bruno\OneDrive\Pulpit\ThirdSemester\CPP\sfml_games\sfml_games\sfml.cpp(272,51): warning C4244: 'argument': conversion from 'time_t' to 'unsigned int', possible loss of data
C:\Users\bruno\OneDrive\Pulpit\ThirdSemester\CPP\sfml_games\sfml_games\sfml.cpp(342,77): warning C4244: 'argument': conversion from 'int' to 'float', possible loss of data
C:\Users\bruno\OneDrive\Pulpit\ThirdSemester\CPP\sfml_games\sfml_games\sfml.cpp(342,69): warning C4244: 'argument': conversion from 'int' to 'float', possible loss of data
C:\Users\bruno\OneDrive\Pulpit\ThirdSemester\CPP\sfml_games\sfml_games\sfml.cpp(350,51): warning C4244: 'argument': conversion from 'time_t' to 'unsigned int', possible loss of data
C:\Users\bruno\OneDrive\Pulpit\ThirdSemester\CPP\sfml_games\sfml_games\sfml.cpp(364,69): warning C4305: 'initializing': truncation from 'double' to 'float'
C:\Users\bruno\OneDrive\Pulpit\ThirdSemester\CPP\sfml_games\sfml_games\sfml.cpp(397,88): warning C4244: 'argument': conversion from 'int' to 'float', possible loss of data
C:\Users\bruno\OneDrive\Pulpit\ThirdSemester\CPP\sfml_games\sfml_games\sfml.cpp(397,75): warning C4244: 'argument': conversion from 'int' to 'float', possible loss of data
C:\Users\bruno\OneDrive\Pulpit\ThirdSemester\CPP\sfml_games\sfml_games\sfml.cpp(402,94): warning C4244: 'argument': conversion from 'int' to 'float', possible loss of data
C:\Users\bruno\OneDrive\Pulpit\ThirdSemester\CPP\sfml_games\sfml_games\sfml.cpp(402,76): warning C4244: 'argument': conversion from 'int' to 'float', possible loss of data
C:\Users\bruno\OneDrive\Pulpit\ThirdSemester\CPP\sfml_games\sfml_games\sfml.cpp(405,82): warning C4244: 'argument': conversion from 'int' to 'float', possible loss of data
C:\Users\bruno\OneDrive\Pulpit\ThirdSemester\CPP\sfml_games\sfml_games\sfml.cpp(405,67): warning C4244: 'argument': conversion from 'int' to 'float', possible loss of data
C:\Users\bruno\OneDrive\Pulpit\ThirdSemester\CPP\sfml_games\sfml_games\sfml.cpp(413,51): warning C4244: 'argument': conversion from 'time_t' to 'unsigned int', possible loss of data
C:\Users\bruno\OneDrive\Pulpit\ThirdSemester\CPP\sfml_games\sfml_games\sfml.cpp(440,59): warning C4305: 'initializing': truncation from 'double' to 'float'
C:\Users\bruno\OneDrive\Pulpit\ThirdSemester\CPP\sfml_games\sfml_games\sfml.cpp(542,81): warning C4244: 'argument': conversion from 'int' to 'float', possible loss of data
C:\Users\bruno\OneDrive\Pulpit\ThirdSemester\CPP\sfml_games\sfml_games\sfml.cpp(542,73): warning C4244: 'argument': conversion from 'int' to 'float', possible loss of data
C:\Users\bruno\OneDrive\Pulpit\ThirdSemester\CPP\sfml_games\sfml_games\sfml.cpp(547,73): warning C4244: 'argument': conversion from 'int' to 'float', possible loss of data
C:\Users\bruno\OneDrive\Pulpit\ThirdSemester\CPP\sfml_games\sfml_games\sfml.cpp(547,65): warning C4244: 'argument': conversion from 'int' to 'float', possible loss of data
C:\Users\bruno\OneDrive\Pulpit\ThirdSemester\CPP\sfml_games\sfml_games\sfml.cpp(553,105): warning C4244: 'argument': conversion from 'int' to 'float', possible loss of data
C:\Users\bruno\OneDrive\Pulpit\ThirdSemester\CPP\sfml_games\sfml_games\sfml.cpp(553,87): warning C4244: 'argument': conversion from 'int' to 'float', possible loss of data
  sfml_games.vcxproj -> C:\Users\bruno\OneDrive\Pulpit\ThirdSemester\CPP\sfml_games\x64\Debug\sfml_games.exe
